2025-03-04 09:22:06,660 - root - INFO - Document upload successfully.
2025-03-04 09:22:06,675 - root - INFO - Successfully created the title tag in (title.py)-file
2025-03-04 09:22:06,679 - root - INFO - Successfully created the author name tag in (author_name function) in (authors.py)-file
2025-03-04 09:22:06,681 - root - INFO - Successfully created the aff tag from (aff_para function) (authors.py)-file
2025-03-04 09:22:06,683 - root - INFO - Successfully created the corres_author tag from (corres_author function) in (authors.py)-file
2025-03-04 09:22:06,687 - root - INFO - Successfully created the keyword tag from (keyword_text function) (abstract_key.py)-file
2025-03-04 09:22:06,687 - root - INFO - Successfully created the abstract tag from (abstract function) (abstract_key.py)-file
2025-03-04 09:22:06,689 - root - INFO - Successfully created the sec tag from (heading function) (heading.py)-file
2025-03-04 09:22:06,706 - root - INFO - Successfully created the sec tag from (heading function) (heading.py)-file
2025-03-04 09:22:06,710 - root - INFO - Successfully created the list-item tag from (list_para function) (list_file.py)-file
2025-03-04 09:22:06,712 - root - INFO - Successfully created the list-item tag from (list_para function) (list_file.py)-file
2025-03-04 09:22:06,715 - root - INFO - Successfully created the list-item tag from (list_para function) (list_file.py)-file
2025-03-04 09:22:06,719 - root - INFO - Successfully created the inner sec tag from (sub_heading function) (heading.py)-file
2025-03-04 09:22:06,724 - root - INFO - Successfully created the inner sec tag from (sub_heading function) (heading.py)-file
2025-03-04 09:22:06,726 - root - INFO - Successfully created the sec tag from (heading function) (heading.py)-file
2025-03-04 09:22:06,734 - root - INFO - Successfully created the inner sec tag from (sub_heading function) (heading.py)-file
2025-03-04 09:22:06,739 - root - INFO - Successfully created the inner sec tag from (sub_heading function) (heading.py)-file
2025-03-04 09:22:06,748 - root - INFO - Successfully created the inner sec tag from (sub_heading function) (heading.py)-file
2025-03-04 09:22:06,749 - root - INFO - Successfully created the sec tag from (heading function) (heading.py)-file
2025-03-04 09:22:06,830 - root - INFO - Successfully created the inner sec tag from (sub_heading function) (heading.py)-file
2025-03-04 09:22:06,839 - root - INFO - Successfully created the inner sec tag from (sub_heading function) (heading.py)-file
2025-03-04 09:22:06,848 - root - INFO - Successfully created the inner sec tag from (sub_heading function) (heading.py)-file
2025-03-04 09:22:06,849 - root - INFO - Successfully created the sec tag from (heading function) (heading.py)-file
2025-03-04 09:22:06,877 - root - INFO - Successfully created the fig tag from (image_caption function) (image_table.py)-file
2025-03-04 09:22:06,903 - root - INFO - Successfully created the inner sec tag from (sub_heading function) (heading.py)-file
2025-03-04 09:22:06,912 - root - INFO - Successfully created the sec tag from (heading function) (heading.py)-file
2025-03-04 09:22:07,072 - root - INFO - Successfully created the inner sec tag from (sub_heading function) (heading.py)-file
2025-03-04 09:22:07,466 - root - INFO - Successfully created the inner sec tag from (sub_heading function) (heading.py)-file
2025-03-04 09:22:07,502 - root - INFO - Successfully created the inner sec tag from (sub_heading function) (heading.py)-file
2025-03-04 09:22:07,669 - root - INFO - Successfully created the inner sec tag from (sub_heading function) (heading.py)-file
2025-03-04 09:22:07,698 - root - INFO - Successfully created the inner sec tag from (sub_heading function) (heading.py)-file
2025-03-04 09:22:07,714 - root - INFO - Successfully created the inner sec tag from (sub_heading function) (heading.py)-file
2025-03-04 09:22:07,774 - root - INFO - Successfully created the inner sec tag from (sub_heading function) (heading.py)-file
2025-03-04 09:22:07,950 - root - INFO - Successfully created the inner sec tag from (sub_heading function) (heading.py)-file
2025-03-04 09:22:07,953 - root - INFO - Successfully created the inner sec tag from (sub_heading function) (heading.py)-file
2025-03-04 09:22:07,957 - root - INFO - Successfully created the sec tag from (heading function) (heading.py)-file
2025-03-04 09:22:07,987 - root - INFO - Successfully created the inner sec tag from (sub_heading function) (heading.py)-file
2025-03-04 09:22:08,004 - root - INFO - Successfully created the inner sec tag from (sub_heading function) (heading.py)-file
2025-03-04 09:22:08,035 - root - INFO - Successfully created the inner sec tag from (sub_heading function) (heading.py)-file
2025-03-04 09:22:08,040 - root - INFO - Successfully created the inner sec tag from (sub_heading function) (heading.py)-file
2025-03-04 09:22:08,045 - root - INFO - Successfully created the inner sec tag from (sub_heading function) (heading.py)-file
2025-03-04 09:22:08,071 - root - INFO - Successfully created the inner sec tag from (sub_heading function) (heading.py)-file
2025-03-04 09:22:08,103 - root - INFO - Successfully created the inner sec tag from (sub_heading function) (heading.py)-file
2025-03-04 09:22:08,107 - root - INFO - Successfully created the sec tag from (heading function) (heading.py)-file
2025-03-04 09:22:08,159 - root - INFO - Successfully created the fig tag from (image_caption function) (image_table.py)-file
2025-03-04 09:22:08,198 - root - INFO - Successfully created the fig tag from (image_caption function) (image_table.py)-file
2025-03-04 09:22:08,319 - root - INFO - Successfully created the inner sec tag from (sub_heading function) (heading.py)-file
2025-03-04 09:22:08,371 - root - INFO - Successfully created the fig tag from (image_caption function) (image_table.py)-file
2025-03-04 09:22:08,377 - root - INFO - Successfully created the inner sec tag from (sub_heading function) (heading.py)-file
2025-03-04 09:22:08,398 - root - INFO - Successfully created the fig tag from (image_caption function) (image_table.py)-file
2025-03-04 09:22:08,421 - root - INFO - Successfully created the fig tag from (image_caption function) (image_table.py)-file
2025-03-04 09:22:08,430 - root - INFO - Successfully created the inner sec tag from (sub_heading function) (heading.py)-file
2025-03-04 09:22:08,439 - root - INFO - Successfully created the acknowledgement tag from (ack_para function) (other_tags.py)-file
2025-03-04 09:22:08,441 - root - INFO - Successfully created the acknowledgement tag from (ack_text function) (other_tags.py)-file
2025-03-04 09:22:08,443 - root - INFO - Successfully created the fn tag from (funding_text function) (other_tags.py)-file
2025-03-04 09:22:08,444 - root - INFO - Successfully created the fn tag from (funding_text function) (other_tags.py)-file
2025-03-04 09:22:08,448 - root - INFO - Successfully created the fn tag from (funding_text function) (other_tags.py)-file
2025-03-04 09:22:08,449 - root - INFO - Successfully created the fn tag from (funding_text function) (other_tags.py)-file
2025-03-04 09:22:08,451 - root - INFO - Successfully created the fn tag from (funding_text function) (other_tags.py)-file
2025-03-04 09:22:08,453 - root - INFO - Successfully created the fn tag from (funding_text function) (other_tags.py)-file
2025-03-04 09:22:08,455 - root - INFO - Successfully created the fn tag from (funding_text function) (other_tags.py)-file
2025-03-04 09:22:08,456 - root - INFO - Successfully created the fn tag from (funding_text function) (other_tags.py)-file
2025-03-04 09:22:08,459 - root - INFO - Successfully created the fn tag from (funding_text function) (other_tags.py)-file
2025-03-04 09:22:08,460 - root - INFO - Successfully created the ref tag from (reference function) (reference.py)-file
2025-03-04 09:22:08,462 - root - INFO - Successfully created the ref tag from (reference_temp function) (reference.py)-file
2025-03-04 09:22:08,463 - root - INFO - Successfully created the ref tag from (reference_temp function) (reference.py)-file
2025-03-04 09:22:08,466 - root - INFO - Successfully created the ref tag from (reference_temp function) (reference.py)-file
2025-03-04 09:22:08,467 - root - INFO - Successfully created the ref tag from (reference_temp function) (reference.py)-file
2025-03-04 09:22:08,469 - root - INFO - Successfully created the ref tag from (reference_temp function) (reference.py)-file
2025-03-04 09:22:08,470 - root - INFO - Successfully created the ref tag from (reference_temp function) (reference.py)-file
2025-03-04 09:22:08,472 - root - INFO - Successfully created the ref tag from (reference_temp function) (reference.py)-file
2025-03-04 09:22:08,473 - root - INFO - Successfully created the ref tag from (reference_temp function) (reference.py)-file
2025-03-04 09:22:08,476 - root - INFO - Successfully created the ref tag from (reference_temp function) (reference.py)-file
2025-03-04 09:22:08,477 - root - INFO - Successfully created the ref tag from (reference_temp function) (reference.py)-file
2025-03-04 09:22:08,479 - root - INFO - Successfully created the ref tag from (reference_temp function) (reference.py)-file
2025-03-04 09:22:08,480 - root - INFO - Successfully created the ref tag from (reference_temp function) (reference.py)-file
2025-03-04 09:22:08,482 - root - INFO - Successfully created the ref tag from (reference_temp function) (reference.py)-file
2025-03-04 09:22:08,483 - root - INFO - Successfully created the ref tag from (reference_temp function) (reference.py)-file
2025-03-04 09:22:08,485 - root - INFO - Successfully created the ref tag from (reference_temp function) (reference.py)-file
2025-03-04 09:22:08,486 - root - INFO - Successfully created the ref tag from (reference_temp function) (reference.py)-file
2025-03-04 09:22:08,488 - root - INFO - Successfully created the ref tag from (reference_temp function) (reference.py)-file
2025-03-04 09:22:08,489 - root - INFO - Successfully created the ref tag from (reference_temp function) (reference.py)-file
2025-03-04 09:22:08,491 - root - INFO - Successfully created the ref tag from (reference_temp function) (reference.py)-file
2025-03-04 09:22:08,492 - root - INFO - Successfully created the ref tag from (reference_temp function) (reference.py)-file
2025-03-04 09:22:08,494 - root - INFO - Successfully created the ref tag from (reference_temp function) (reference.py)-file
2025-03-04 09:22:08,496 - root - INFO - Successfully created the ref tag from (reference_temp function) (reference.py)-file
2025-03-04 09:22:08,497 - root - INFO - Successfully created the ref tag from (reference_temp function) (reference.py)-file
2025-03-04 09:22:08,500 - root - INFO - Successfully created the ref tag from (reference_temp function) (reference.py)-file
2025-03-04 09:22:08,502 - root - INFO - Successfully created the ref tag from (reference_temp function) (reference.py)-file
2025-03-04 09:22:08,506 - root - INFO - Successfully created the ref tag from (reference_temp function) (reference.py)-file
2025-03-04 09:22:08,509 - root - INFO - Successfully created the ref tag from (reference_temp function) (reference.py)-file
2025-03-04 09:22:08,516 - root - INFO - Successfully created the ref-list tag from (add_ref_tag function) (eq_link.py)-file
2025-03-04 09:22:08,970 - root - INFO - Successfully change the article-title tag style from (find_article function) (TSP_styles.py)-file
2025-03-04 09:22:08,980 - root - INFO - Successfully change the alt tag style from (find_alt_title function) (TSP_styles.py)-file
2025-03-04 09:22:09,075 - root - INFO - Successfully change the heading style from (find_sec_title function) (TSP_styles.py)-file
2025-03-04 09:22:09,079 - root - INFO - Successfully change figure and table title style from (find_fig_title function) (TSP_styles.py)-file
2025-03-04 09:22:09,084 - root - INFO - Successfully change figure and table title style from (find_fig_title function) (TSP_styles.py)-file
2025-03-04 09:22:09,088 - root - INFO - Successfully change figure and table title style from (find_fig_title function) (TSP_styles.py)-file
2025-03-04 09:22:09,092 - root - INFO - Successfully change figure and table title style from (find_fig_title function) (TSP_styles.py)-file
2025-03-04 09:22:09,096 - root - INFO - Successfully change figure and table title style from (find_fig_title function) (TSP_styles.py)-file
2025-03-04 09:22:09,100 - root - INFO - Successfully change figure and table title style from (find_fig_title function) (TSP_styles.py)-file
2025-03-04 09:22:09,112 - root - INFO - Successfully add all replace_text styles from (replace_text function) (wordtoxml.py)-file
2025-03-04 09:22:09,118 - root - INFO - Successfully add all space_add_text styles from (space_add_text function) (wordtoxml.py)-file
2025-03-04 09:22:09,122 - root - INFO - Successfully add all space_remove_text styles from (space_remove_text function) (wordtoxml.py)-file
2025-03-04 09:22:09,127 - root - INFO - Successfully add all space_before_text styles from (space_before_text function) (wordtoxml.py)-file
2025-03-04 09:22:09,130 - root - INFO - Successfully add all space_after_text styles from (space_after_text function) (wordtoxml.py)-file
2025-03-04 09:22:09,144 - root - INFO - Successfully add all remove_space_before_text styles from (remove_space_before_text function) (wordtoxml.py)-file
2025-03-04 09:22:09,161 - root - INFO - Successfully add all add_and styles from (add_and function) (wordtoxml.py)-file
2025-03-04 09:22:09,190 - root - INFO - Successfully add all add_all styles from (add_all function) (wordtoxml.py)-file
2025-03-04 09:22:09,194 - root - INFO - Successfully add all si_units styles from (si_units function) (wordtoxml.py)-file
2025-03-04 09:22:09,202 - root - INFO - Successfully add all remove_ref styles from (remove_ref function) (wordtoxml.py)-file
2025-03-04 09:22:09,204 - root - INFO - Successfully add all clean_double_space styles from (clean_double_space function) (wordtoxml.py)-file
2025-03-04 09:22:09,209 - root - INFO - Successfully add all remove_space_before_dot styles from (remove_space_before_dot function) (wordtoxml.py)-file
2025-03-04 09:22:09,212 - root - INFO - Successfully add the xref style from (find_xref function) (TSP_styles.py)-file
2025-03-04 09:22:09,212 - root - INFO - Successfully add all find_xref styles from (find_xref function) (wordtoxml.py)-file
2025-03-04 09:22:23,997 - root - INFO - API Successfully running(find_reference function) (TSP_styles.py)-file
2025-03-04 09:22:24,001 - root - INFO - Successfully add reference style(find_reference function) (TSP_styles.py)-file
2025-03-04 09:22:24,001 - root - INFO - Successfully add all find_reference styles from (find_reference function) (wordtoxml.py)-file
2025-03-04 09:22:24,010 - root - INFO - File converted Successfully.
