2025-02-20 16:19:49,105 - root - INFO - Document upload successfully.
2025-02-20 16:19:49,113 - root - INFO - Successfully created the title tag in (title.py)-file
2025-02-20 16:19:49,124 - root - INFO - Successfully created the author name tag in (author_name function) in (authors.py)-file
2025-02-20 16:19:49,128 - root - INFO - Successfully created the aff tag from (aff_para function) (authors.py)-file
2025-02-20 16:19:49,130 - root - INFO - Successfully created the aff tag from (aff_para function) (authors.py)-file
2025-02-20 16:19:49,133 - root - INFO - Successfully created the corres_author tag from (corres_author function) in (authors.py)-file
2025-02-20 16:19:49,138 - root - INFO - Successfully created the abstract tag from (abstract function) (abstract_key.py)-file
2025-02-20 16:19:49,141 - root - INFO - Successfully created the keyword tag from (keyword_text function) (abstract_key.py)-file
2025-02-20 16:19:49,144 - root - INFO - Successfully created the sec tag from (heading function) (heading.py)-file
2025-02-20 16:19:49,173 - root - INFO - Successfully created the fig tag from (image_caption function) (image_table.py)-file
2025-02-20 16:19:49,196 - root - INFO - Successfully created the fig tag from (image_caption function) (image_table.py)-file
2025-02-20 16:19:49,218 - root - INFO - Successfully created the fig tag from (image_caption function) (image_table.py)-file
2025-02-20 16:19:49,253 - root - INFO - Successfully created the inner sec tag from (sub_heading function) (heading.py)-file
2025-02-20 16:19:49,260 - root - INFO - Successfully created the sec tag from (heading function) (heading.py)-file
2025-02-20 16:19:49,270 - root - INFO - Successfully created the inner sec tag from (sub_heading function) (heading.py)-file
2025-02-20 16:19:49,277 - root - INFO - Successfully created the inner sec tag from (sub_heading function) (heading.py)-file
2025-02-20 16:19:49,284 - root - INFO - Successfully created the table-wrap tag from (table_heading function) (image_table.py)-file
2025-02-20 16:19:49,360 - root - INFO - Successfully created the inner sec tag from (sub_heading function) (heading.py)-file
2025-02-20 16:19:49,376 - root - INFO - Successfully created the fig tag from (image_caption function) (image_table.py)-file
2025-02-20 16:19:49,379 - root - INFO - Successfully created the sec tag from (heading function) (heading.py)-file
2025-02-20 16:19:49,471 - root - INFO - Successfully created the fig tag from (image_caption function) (image_table.py)-file
2025-02-20 16:19:49,475 - root - INFO - Successfully created the inner sec tag from (sub_heading function) (heading.py)-file
2025-02-20 16:19:49,490 - root - INFO - Successfully created the fig tag from (image_caption function) (image_table.py)-file
2025-02-20 16:19:49,540 - root - INFO - Successfully created the fig tag from (image_caption function) (image_table.py)-file
2025-02-20 16:19:49,543 - root - INFO - Successfully created the inner sec tag from (sub_heading function) (heading.py)-file
2025-02-20 16:19:49,550 - root - INFO - Successfully created the sec tag from (heading function) (heading.py)-file
2025-02-20 16:19:49,558 - root - INFO - Successfully created the inner sec tag from (sub_heading function) (heading.py)-file
2025-02-20 16:19:49,605 - root - INFO - Successfully created the fig tag from (image_caption function) (image_table.py)-file
2025-02-20 16:19:49,609 - root - INFO - Successfully created the inner sec tag from (sub_heading function) (heading.py)-file
2025-02-20 16:19:49,616 - root - INFO - Successfully created the sec tag from (heading function) (heading.py)-file
2025-02-20 16:19:49,623 - root - INFO - Successfully created the sec tag from (heading function) (heading.py)-file
2025-02-20 16:19:49,634 - root - INFO - Successfully created the table-wrap tag from (table_heading function) (image_table.py)-file
2025-02-20 16:19:49,679 - root - INFO - Successfully created the table-wrap tag from (table_heading function) (image_table.py)-file
2025-02-20 16:19:49,699 - root - INFO - Successfully created the inner sec tag from (sub_heading function) (heading.py)-file
2025-02-20 16:19:49,709 - root - INFO - Successfully created the table-wrap tag from (table_heading function) (image_table.py)-file
2025-02-20 16:19:49,741 - root - INFO - Successfully created the inner sec tag from (sub_heading function) (heading.py)-file
2025-02-20 16:19:49,818 - root - INFO - Successfully created the table-wrap tag from (table_heading function) (image_table.py)-file
2025-02-20 16:19:49,831 - root - INFO - Successfully created the inner sec tag from (sub_heading function) (heading.py)-file
2025-02-20 16:19:49,841 - root - INFO - Successfully created the sec tag from (heading function) (heading.py)-file
2025-02-20 16:19:49,872 - root - INFO - Successfully created the fig tag from (image_caption function) (image_table.py)-file
2025-02-20 16:19:49,886 - root - INFO - Successfully created the inner sec tag from (sub_heading function) (heading.py)-file
2025-02-20 16:19:49,915 - root - INFO - Successfully created the fig tag from (image_caption function) (image_table.py)-file
2025-02-20 16:19:49,924 - root - INFO - Successfully created the inner sec tag from (sub_heading function) (heading.py)-file
2025-02-20 16:19:49,948 - root - INFO - Successfully created the fig tag from (image_caption function) (image_table.py)-file
2025-02-20 16:19:49,957 - root - INFO - Successfully created the inner sec tag from (sub_heading function) (heading.py)-file
2025-02-20 16:19:50,063 - root - INFO - Successfully created the fig tag from (image_caption function) (image_table.py)-file
2025-02-20 16:19:50,072 - root - INFO - Successfully created the inner sec tag from (sub_heading function) (heading.py)-file
2025-02-20 16:19:50,086 - root - INFO - Successfully created the inner sec tag from (sub_heading function) (heading.py)-file
2025-02-20 16:19:50,098 - root - INFO - Successfully created the acknowledgement tag from (ack_text function) (other_tags.py)-file
2025-02-20 16:19:50,103 - root - INFO - Successfully created the fn tag from (funding_text function) (other_tags.py)-file
2025-02-20 16:19:50,121 - root - INFO - Successfully created the fn tag from (funding_text function) (other_tags.py)-file
2025-02-20 16:19:50,128 - root - INFO - Successfully created the fn tag from (funding_text function) (other_tags.py)-file
2025-02-20 16:19:50,132 - root - INFO - Successfully created the fn tag from (funding_text function) (other_tags.py)-file
2025-02-20 16:19:50,134 - root - INFO - Successfully created the ref tag from (reference function) (reference.py)-file
2025-02-20 16:19:50,139 - root - INFO - Successfully created the ref tag from (reference_temp function) (reference.py)-file
2025-02-20 16:19:50,150 - root - INFO - Successfully created the ref tag from (reference_temp function) (reference.py)-file
2025-02-20 16:19:50,156 - root - INFO - Successfully created the ref-list tag from (add_ref_tag function) (eq_link.py)-file
2025-02-20 16:19:50,717 - root - INFO - Successfully change the article-title tag style from (find_article function) (TSP_styles.py)-file
2025-02-20 16:19:50,728 - root - INFO - Successfully change the alt tag style from (find_alt_title function) (TSP_styles.py)-file
2025-02-20 16:19:50,729 - root - INFO - Successfully change the affliation tag style from (find_aff function) (TSP_styles.py)-file
2025-02-20 16:19:50,774 - root - INFO - Successfully change the keyword style from (find_key function) (TSP_styles.py)-file
2025-02-20 16:19:50,774 - root - INFO - Successfully change the history tag style from (find_history function) (TSP_styles.py)-file
2025-02-20 16:19:50,897 - root - INFO - Successfully change the heading style from (find_sec_title function) (TSP_styles.py)-file
2025-02-20 16:19:50,902 - root - INFO - Successfully change figure and table title style from (find_fig_title function) (TSP_styles.py)-file
2025-02-20 16:19:50,910 - root - INFO - Successfully change figure and table title style from (find_fig_title function) (TSP_styles.py)-file
2025-02-20 16:19:50,916 - root - INFO - Successfully change figure and table title style from (find_fig_title function) (TSP_styles.py)-file
2025-02-20 16:19:50,920 - root - INFO - Successfully change figure and table title style from (find_fig_title function) (TSP_styles.py)-file
2025-02-20 16:19:50,925 - root - INFO - Successfully change figure and table title style from (find_fig_title function) (TSP_styles.py)-file
2025-02-20 16:19:50,930 - root - INFO - Successfully change figure and table title style from (find_fig_title function) (TSP_styles.py)-file
2025-02-20 16:19:50,935 - root - INFO - Successfully change figure and table title style from (find_fig_title function) (TSP_styles.py)-file
2025-02-20 16:19:50,940 - root - INFO - Successfully change figure and table title style from (find_fig_title function) (TSP_styles.py)-file
2025-02-20 16:19:50,945 - root - INFO - Successfully change figure and table title style from (find_fig_title function) (TSP_styles.py)-file
2025-02-20 16:19:50,950 - root - INFO - Successfully change figure and table title style from (find_fig_title function) (TSP_styles.py)-file
2025-02-20 16:19:50,955 - root - INFO - Successfully change figure and table title style from (find_fig_title function) (TSP_styles.py)-file
2025-02-20 16:19:50,960 - root - INFO - Successfully change figure and table title style from (find_fig_title function) (TSP_styles.py)-file
2025-02-20 16:19:50,968 - root - INFO - Successfully change figure and table title style from (find_fig_title function) (TSP_styles.py)-file
2025-02-20 16:19:50,974 - root - INFO - Successfully change figure and table title style from (find_fig_title function) (TSP_styles.py)-file
2025-02-20 16:19:50,979 - root - INFO - Successfully change figure and table title style from (find_fig_title function) (TSP_styles.py)-file
2025-02-20 16:19:50,984 - root - INFO - Successfully change figure and table title style from (find_fig_title function) (TSP_styles.py)-file
2025-02-20 16:19:50,992 - root - INFO - Successfully change figure and table title style from (find_fig_title function) (TSP_styles.py)-file
2025-02-20 16:19:50,992 - root - INFO - Successfully add the xref style from (find_xref function) (TSP_styles.py)-file
2025-02-20 16:19:50,992 - root - INFO - Successfully change the back order from (back_order function) (TSP_styles.py)-file
2025-02-20 16:19:52,417 - root - INFO - API Successfully running(find_reference function) (TSP_styles.py)-file
2025-02-20 16:19:52,418 - root - INFO - Successfully add reference style(find_reference function) (TSP_styles.py)-file
2025-02-20 16:19:52,429 - root - INFO - Successfully add all replace_text styles from (replace_text function) (wordtoxml.py)-file
2025-02-20 16:19:52,429 - root - INFO - Successfully add all space_add_text styles from (space_add_text function) (wordtoxml.py)-file
2025-02-20 16:19:52,429 - root - INFO - Successfully add all space_remove_text styles from (space_remove_text function) (wordtoxml.py)-file
2025-02-20 16:19:52,429 - root - INFO - Successfully add all space_before_text styles from (space_before_text function) (wordtoxml.py)-file
2025-02-20 16:19:52,429 - root - INFO - Successfully add all space_after_text styles from (space_after_text function) (wordtoxml.py)-file
2025-02-20 16:19:52,429 - root - INFO - Successfully add all remove_space_before_text styles from (remove_space_before_text function) (wordtoxml.py)-file
2025-02-20 16:19:52,429 - root - INFO - Successfully add all add_and styles from (add_and function) (wordtoxml.py)-file
2025-02-20 16:19:52,429 - root - INFO - Successfully add all add_all styles from (add_all function) (wordtoxml.py)-file
2025-02-20 16:19:52,429 - root - INFO - Successfully add all si_units styles from (si_units function) (wordtoxml.py)-file
2025-02-20 16:19:52,430 - root - INFO - Successfully add all remove_ref styles from (remove_ref function) (wordtoxml.py)-file
2025-02-20 16:19:52,438 - root - INFO - File converted Successfully.
