2025-02-20 16:03:32,230 - root - INFO - Document upload successfully.
2025-02-20 16:03:32,234 - root - INFO - Successfully created the title tag in (title.py)-file
2025-02-20 16:03:32,243 - root - INFO - Successfully created the author name tag in (author_name function) in (authors.py)-file
2025-02-20 16:03:32,246 - root - INFO - Successfully created the aff tag from (aff_para function) (authors.py)-file
2025-02-20 16:03:32,248 - root - INFO - Successfully created the corres_author tag from (corres_author function) in (authors.py)-file
2025-02-20 16:03:32,264 - root - INFO - Successfully created the abstract tag from (abstract function) (abstract_key.py)-file
2025-02-20 16:03:32,269 - root - INFO - Successfully created the keyword tag from (keyword_text function) (abstract_key.py)-file
2025-02-20 16:03:32,272 - root - INFO - Successfully created the sec tag from (heading function) (heading.py)-file
2025-02-20 16:03:32,298 - root - INFO - Successfully created the inner sec tag from (sub_heading function) (heading.py)-file
2025-02-20 16:03:32,301 - root - INFO - Successfully created the sec tag from (heading function) (heading.py)-file
2025-02-20 16:03:32,310 - root - INFO - Successfully created the inner sec tag from (sub_heading function) (heading.py)-file
2025-02-20 16:03:32,319 - root - INFO - Successfully created the inner sec tag from (sub_heading function) (heading.py)-file
2025-02-20 16:03:32,329 - root - INFO - Successfully created the inner sec tag from (sub_heading function) (heading.py)-file
2025-02-20 16:03:32,335 - root - INFO - Successfully created the inner sec tag from (sub_heading function) (heading.py)-file
2025-02-20 16:03:32,341 - root - INFO - Successfully created the inner sec tag from (sub_heading function) (heading.py)-file
2025-02-20 16:03:32,350 - root - INFO - Successfully created the inner sec tag from (sub_heading function) (heading.py)-file
2025-02-20 16:03:32,356 - root - INFO - Successfully created the inner sec tag from (sub_heading function) (heading.py)-file
2025-02-20 16:03:32,366 - root - INFO - Successfully created the inner sec tag from (sub_heading function) (heading.py)-file
2025-02-20 16:03:32,374 - root - INFO - Successfully created the table-wrap tag from (table_heading function) (image_table.py)-file
2025-02-20 16:03:32,389 - root - INFO - Successfully created the inner sec tag from (sub_heading function) (heading.py)-file
2025-02-20 16:03:32,404 - root - INFO - Successfully created the inner sec tag from (sub_heading function) (heading.py)-file
2025-02-20 16:03:32,406 - root - INFO - Successfully created the sec tag from (heading function) (heading.py)-file
2025-02-20 16:03:32,432 - root - INFO - Successfully created the fig tag from (image_caption function) (image_table.py)-file
2025-02-20 16:03:32,440 - root - INFO - Successfully created the inner sec tag from (sub_heading function) (heading.py)-file
2025-02-20 16:03:32,463 - root - INFO - Successfully created the fig tag from (image_caption function) (image_table.py)-file
2025-02-20 16:03:32,470 - root - INFO - Successfully created the inner sec tag from (sub_heading function) (heading.py)-file
2025-02-20 16:03:32,495 - root - INFO - Successfully created the fig tag from (image_caption function) (image_table.py)-file
2025-02-20 16:03:32,502 - root - INFO - Successfully created the inner sec tag from (sub_heading function) (heading.py)-file
2025-02-20 16:03:32,521 - root - INFO - Successfully created the fig tag from (image_caption function) (image_table.py)-file
2025-02-20 16:03:32,531 - root - INFO - Successfully created the inner sec tag from (sub_heading function) (heading.py)-file
2025-02-20 16:03:32,558 - root - INFO - Successfully created the fig tag from (image_caption function) (image_table.py)-file
2025-02-20 16:03:32,566 - root - INFO - Successfully created the inner sec tag from (sub_heading function) (heading.py)-file
2025-02-20 16:03:32,591 - root - INFO - Successfully created the inner sec tag from (sub_heading function) (heading.py)-file
2025-02-20 16:03:32,601 - root - INFO - Successfully created the acknowledgement tag from (ack_text function) (other_tags.py)-file
2025-02-20 16:03:32,604 - root - INFO - Successfully created the fn tag from (funding_text function) (other_tags.py)-file
2025-02-20 16:03:32,608 - root - INFO - Successfully created the fn tag from (funding_text function) (other_tags.py)-file
2025-02-20 16:03:32,610 - root - INFO - Successfully created the fn tag from (funding_text function) (other_tags.py)-file
2025-02-20 16:03:32,614 - root - INFO - Successfully created the fn tag from (funding_text function) (other_tags.py)-file
2025-02-20 16:03:32,617 - root - INFO - Successfully created the fn tag from (funding_text function) (other_tags.py)-file
2025-02-20 16:03:32,620 - root - INFO - Successfully created the ref tag from (reference function) (reference.py)-file
2025-02-20 16:03:32,622 - root - INFO - Successfully created the ref tag from (reference_temp function) (reference.py)-file
2025-02-20 16:03:32,624 - root - INFO - Successfully created the ref tag from (reference_temp function) (reference.py)-file
2025-02-20 16:03:32,626 - root - INFO - Successfully created the ref tag from (reference_temp function) (reference.py)-file
2025-02-20 16:03:32,628 - root - INFO - Successfully created the ref-list tag from (add_ref_tag function) (eq_link.py)-file
2025-02-20 16:03:33,150 - root - INFO - Successfully change the article-title tag style from (find_article function) (TSP_styles.py)-file
2025-02-20 16:03:33,167 - root - INFO - Successfully change the alt tag style from (find_alt_title function) (TSP_styles.py)-file
2025-02-20 16:03:33,168 - root - INFO - Successfully change the affliation tag style from (find_aff function) (TSP_styles.py)-file
2025-02-20 16:03:33,230 - root - INFO - Successfully change the keyword style from (find_key function) (TSP_styles.py)-file
2025-02-20 16:03:33,230 - root - INFO - Successfully change the history tag style from (find_history function) (TSP_styles.py)-file
2025-02-20 16:03:33,355 - root - INFO - Successfully change the heading style from (find_sec_title function) (TSP_styles.py)-file
2025-02-20 16:03:35,340 - root - INFO - Successfully change figure and table title style from (find_fig_title function) (TSP_styles.py)-file
2025-02-20 16:03:36,224 - root - INFO - Successfully change figure and table title style from (find_fig_title function) (TSP_styles.py)-file
2025-02-20 16:03:38,040 - root - INFO - Successfully change figure and table title style from (find_fig_title function) (TSP_styles.py)-file
2025-02-20 16:03:40,717 - root - INFO - Successfully change figure and table title style from (find_fig_title function) (TSP_styles.py)-file
2025-02-20 16:03:41,711 - root - INFO - Successfully change figure and table title style from (find_fig_title function) (TSP_styles.py)-file
2025-02-20 16:03:41,717 - root - INFO - Successfully change figure and table title style from (find_fig_title function) (TSP_styles.py)-file
2025-02-20 16:03:41,717 - root - INFO - Successfully add the xref style from (find_xref function) (TSP_styles.py)-file
2025-02-20 16:03:41,717 - root - INFO - Successfully change the back order from (back_order function) (TSP_styles.py)-file
2025-02-20 16:03:55,292 - root - INFO - API Successfully running(find_reference function) (TSP_styles.py)-file
2025-02-20 16:03:55,293 - root - INFO - Successfully add reference style(find_reference function) (TSP_styles.py)-file
2025-02-20 16:03:55,296 - root - INFO - Successfully add all replace_text styles from (replace_text function) (wordtoxml.py)-file
2025-02-20 16:03:55,296 - root - INFO - Successfully add all space_add_text styles from (space_add_text function) (wordtoxml.py)-file
2025-02-20 16:03:55,296 - root - INFO - Successfully add all space_remove_text styles from (space_remove_text function) (wordtoxml.py)-file
2025-02-20 16:03:55,296 - root - INFO - Successfully add all space_before_text styles from (space_before_text function) (wordtoxml.py)-file
2025-02-20 16:03:55,296 - root - INFO - Successfully add all space_after_text styles from (space_after_text function) (wordtoxml.py)-file
2025-02-20 16:03:55,296 - root - INFO - Successfully add all remove_space_before_text styles from (remove_space_before_text function) (wordtoxml.py)-file
2025-02-20 16:03:55,296 - root - INFO - Successfully add all add_and styles from (add_and function) (wordtoxml.py)-file
2025-02-20 16:03:55,296 - root - INFO - Successfully add all add_all styles from (add_all function) (wordtoxml.py)-file
2025-02-20 16:03:55,296 - root - INFO - Successfully add all si_units styles from (si_units function) (wordtoxml.py)-file
2025-02-20 16:03:55,296 - root - INFO - Successfully add all remove_ref styles from (remove_ref function) (wordtoxml.py)-file
2025-02-20 16:03:55,299 - root - INFO - File converted Successfully.
