2025-02-20 16:24:45,183 - root - INFO - Document upload successfully.
2025-02-20 16:24:45,186 - root - INFO - Successfully created the title tag in (title.py)-file
2025-02-20 16:24:45,192 - root - INFO - Successfully created the author name tag in (author_name function) in (authors.py)-file
2025-02-20 16:24:45,194 - root - INFO - Successfully created the aff tag from (aff_para function) (authors.py)-file
2025-02-20 16:24:45,197 - root - INFO - Successfully created the corres_author tag from (corres_author function) in (authors.py)-file
2025-02-20 16:24:45,208 - root - INFO - Successfully created the abstract tag from (abstract function) (abstract_key.py)-file
2025-02-20 16:24:45,217 - root - INFO - Successfully created the keyword tag from (keyword_text function) (abstract_key.py)-file
2025-02-20 16:24:45,223 - root - INFO - Successfully created the sec tag from (heading function) (heading.py)-file
2025-02-20 16:24:45,279 - root - INFO - Successfully created the list-item tag from (list_para function) (list_file.py)-file
2025-02-20 16:24:45,283 - root - INFO - Successfully created the list-item tag from (list_para function) (list_file.py)-file
2025-02-20 16:24:45,294 - root - INFO - Successfully created the list-item tag from (list_para function) (list_file.py)-file
2025-02-20 16:24:45,308 - root - INFO - Successfully created the list-item tag from (list_para function) (list_file.py)-file
2025-02-20 16:24:45,311 - root - INFO - Successfully created the inner sec tag from (sub_heading function) (heading.py)-file
2025-02-20 16:24:45,464 - root - INFO - Successfully created the inner sec tag from (sub_heading function) (heading.py)-file
2025-02-20 16:24:45,475 - root - INFO - Successfully created the fig tag from (image_caption function) (image_table.py)-file
2025-02-20 16:24:45,479 - root - INFO - Successfully created the sec tag from (heading function) (heading.py)-file
2025-02-20 16:24:45,492 - root - INFO - Successfully created the fig tag from (image_caption function) (image_table.py)-file
2025-02-20 16:24:45,496 - root - INFO - Successfully created the inner sec tag from (sub_heading function) (heading.py)-file
2025-02-20 16:24:45,511 - root - INFO - Successfully created the fig tag from (image_caption function) (image_table.py)-file
2025-02-20 16:24:45,515 - root - INFO - Successfully created the inner sec tag from (sub_heading function) (heading.py)-file
2025-02-20 16:24:45,527 - root - INFO - Successfully created the inner sec tag from (sub_heading function) (heading.py)-file
2025-02-20 16:24:45,542 - root - INFO - Successfully created the fig tag from (image_caption function) (image_table.py)-file
2025-02-20 16:24:45,552 - root - INFO - Successfully created the fig tag from (image_caption function) (image_table.py)-file
2025-02-20 16:24:45,556 - root - INFO - Successfully created the inner sec tag from (sub_heading function) (heading.py)-file
2025-02-20 16:24:45,739 - root - INFO - Successfully created the inner sec tag from (sub_heading function) (heading.py)-file
2025-02-20 16:24:45,747 - root - INFO - Successfully created the sec tag from (heading function) (heading.py)-file
2025-02-20 16:24:45,760 - root - INFO - Successfully created the inner sec tag from (sub_heading function) (heading.py)-file
2025-02-20 16:24:49,642 - root - INFO - Successfully created the fig tag from (image_caption function) (image_table.py)-file
2025-02-20 16:24:49,764 - root - INFO - Successfully created the inner sec tag from (sub_heading function) (heading.py)-file
2025-02-20 16:24:49,781 - root - INFO - Successfully created the fig tag from (image_caption function) (image_table.py)-file
2025-02-20 16:24:49,786 - root - INFO - Successfully created the inner sec tag from (sub_heading function) (heading.py)-file
2025-02-20 16:24:49,790 - root - INFO - Successfully created the sec tag from (heading function) (heading.py)-file
2025-02-20 16:24:49,793 - root - INFO - Successfully created the table-wrap tag from (table_heading function) (image_table.py)-file
2025-02-20 16:24:49,871 - root - INFO - Successfully created the inner sec tag from (sub_heading function) (heading.py)-file
2025-02-20 16:24:49,882 - root - INFO - Successfully created the table-wrap tag from (table_heading function) (image_table.py)-file
2025-02-20 16:24:49,934 - root - INFO - Successfully created the inner sec tag from (sub_heading function) (heading.py)-file
2025-02-20 16:24:49,938 - root - INFO - Successfully created the table-wrap tag from (table_heading function) (image_table.py)-file
2025-02-20 16:24:49,999 - root - INFO - Successfully created the inner sec tag from (sub_heading function) (heading.py)-file
2025-02-20 16:24:50,036 - root - INFO - Successfully created the fig tag from (image_caption function) (image_table.py)-file
2025-02-20 16:24:50,041 - root - INFO - Successfully created the inner sec tag from (sub_heading function) (heading.py)-file
2025-02-20 16:24:50,051 - root - INFO - Successfully created the table-wrap tag from (table_heading function) (image_table.py)-file
2025-02-20 16:24:50,231 - root - INFO - Successfully created the fig tag from (image_caption function) (image_table.py)-file
2025-02-20 16:24:50,245 - root - INFO - Successfully created the inner sec tag from (sub_heading function) (heading.py)-file
2025-02-20 16:24:50,276 - root - INFO - Successfully created the table-wrap tag from (table_heading function) (image_table.py)-file
2025-02-20 16:24:50,381 - root - INFO - Successfully created the inner sec tag from (sub_heading function) (heading.py)-file
2025-02-20 16:24:50,422 - root - INFO - Successfully created the table-wrap tag from (table_heading function) (image_table.py)-file
2025-02-20 16:24:50,528 - root - INFO - Successfully created the inner sec tag from (sub_heading function) (heading.py)-file
2025-02-20 16:24:50,539 - root - INFO - Successfully created the acknowledgement tag from (ack_text function) (other_tags.py)-file
2025-02-20 16:24:50,544 - root - INFO - Successfully created the fn tag from (funding_text function) (other_tags.py)-file
2025-02-20 16:24:50,555 - root - INFO - Successfully created the fn tag from (funding_text function) (other_tags.py)-file
2025-02-20 16:24:50,561 - root - INFO - Successfully created the fn tag from (funding_text function) (other_tags.py)-file
2025-02-20 16:24:50,565 - root - INFO - Successfully created the fn tag from (funding_text function) (other_tags.py)-file
2025-02-20 16:24:50,569 - root - INFO - Successfully created the fn tag from (funding_text function) (other_tags.py)-file
2025-02-20 16:24:50,571 - root - INFO - Successfully created the ref tag from (reference function) (reference.py)-file
2025-02-20 16:24:50,599 - root - INFO - Successfully created the ref tag from (reference_temp function) (reference.py)-file
2025-02-20 16:24:50,623 - root - INFO - Successfully created the ref tag from (reference_temp function) (reference.py)-file
2025-02-20 16:24:50,640 - root - INFO - Successfully created the ref tag from (reference_temp function) (reference.py)-file
2025-02-20 16:24:50,663 - root - INFO - Successfully created the ref tag from (reference_temp function) (reference.py)-file
2025-02-20 16:24:50,688 - root - INFO - Successfully created the ref tag from (reference_temp function) (reference.py)-file
2025-02-20 16:24:50,708 - root - INFO - Successfully created the ref tag from (reference_temp function) (reference.py)-file
2025-02-20 16:24:50,736 - root - INFO - Successfully created the ref tag from (reference_temp function) (reference.py)-file
2025-02-20 16:24:50,767 - root - INFO - Successfully created the ref tag from (reference_temp function) (reference.py)-file
2025-02-20 16:24:50,791 - root - INFO - Successfully created the ref tag from (reference_temp function) (reference.py)-file
2025-02-20 16:24:50,818 - root - INFO - Successfully created the ref tag from (reference_temp function) (reference.py)-file
2025-02-20 16:24:50,838 - root - INFO - Successfully created the ref tag from (reference_temp function) (reference.py)-file
2025-02-20 16:24:50,862 - root - INFO - Successfully created the ref tag from (reference_temp function) (reference.py)-file
2025-02-20 16:24:50,881 - root - INFO - Successfully created the ref tag from (reference_temp function) (reference.py)-file
2025-02-20 16:24:50,906 - root - INFO - Successfully created the ref tag from (reference_temp function) (reference.py)-file
2025-02-20 16:24:50,921 - root - INFO - Successfully created the ref tag from (reference_temp function) (reference.py)-file
2025-02-20 16:24:50,941 - root - INFO - Successfully created the ref tag from (reference_temp function) (reference.py)-file
2025-02-20 16:24:50,964 - root - INFO - Successfully created the ref tag from (reference_temp function) (reference.py)-file
2025-02-20 16:24:50,994 - root - INFO - Successfully created the ref tag from (reference_temp function) (reference.py)-file
2025-02-20 16:24:51,016 - root - INFO - Successfully created the ref tag from (reference_temp function) (reference.py)-file
2025-02-20 16:24:51,037 - root - INFO - Successfully created the ref tag from (reference_temp function) (reference.py)-file
2025-02-20 16:24:51,063 - root - INFO - Successfully created the ref tag from (reference_temp function) (reference.py)-file
2025-02-20 16:24:51,085 - root - INFO - Successfully created the ref tag from (reference_temp function) (reference.py)-file
2025-02-20 16:24:51,100 - root - INFO - Successfully created the ref tag from (reference_temp function) (reference.py)-file
2025-02-20 16:24:51,114 - root - INFO - Successfully created the ref tag from (reference_temp function) (reference.py)-file
2025-02-20 16:24:51,141 - root - INFO - Successfully created the ref tag from (reference_temp function) (reference.py)-file
2025-02-20 16:24:51,165 - root - INFO - Successfully created the ref tag from (reference_temp function) (reference.py)-file
2025-02-20 16:24:51,179 - root - INFO - Successfully created the ref tag from (reference_temp function) (reference.py)-file
2025-02-20 16:24:51,199 - root - INFO - Successfully created the ref tag from (reference_temp function) (reference.py)-file
2025-02-20 16:24:51,215 - root - INFO - Successfully created the ref tag from (reference_temp function) (reference.py)-file
2025-02-20 16:24:51,240 - root - INFO - Successfully created the ref tag from (reference_temp function) (reference.py)-file
2025-02-20 16:24:51,271 - root - INFO - Successfully created the ref tag from (reference_temp function) (reference.py)-file
2025-02-20 16:24:51,291 - root - INFO - Successfully created the ref tag from (reference_temp function) (reference.py)-file
2025-02-20 16:24:51,315 - root - INFO - Successfully created the ref tag from (reference_temp function) (reference.py)-file
2025-02-20 16:24:51,320 - root - INFO - Successfully created the ref tag from (reference_temp function) (reference.py)-file
2025-02-20 16:24:51,341 - root - INFO - Successfully created the ref tag from (reference_temp function) (reference.py)-file
2025-02-20 16:24:51,365 - root - INFO - Successfully created the ref tag from (reference_temp function) (reference.py)-file
2025-02-20 16:24:51,382 - root - INFO - Successfully created the ref tag from (reference_temp function) (reference.py)-file
2025-02-20 16:24:51,398 - root - INFO - Successfully created the ref tag from (reference_temp function) (reference.py)-file
2025-02-20 16:24:51,416 - root - INFO - Successfully created the ref tag from (reference_temp function) (reference.py)-file
2025-02-20 16:24:51,435 - root - INFO - Successfully created the ref tag from (reference_temp function) (reference.py)-file
2025-02-20 16:24:51,461 - root - INFO - Successfully created the ref tag from (reference_temp function) (reference.py)-file
2025-02-20 16:24:51,491 - root - INFO - Successfully created the ref tag from (reference_temp function) (reference.py)-file
2025-02-20 16:24:51,513 - root - INFO - Successfully created the ref tag from (reference_temp function) (reference.py)-file
2025-02-20 16:24:51,525 - root - INFO - Successfully created the ref tag from (reference_temp function) (reference.py)-file
2025-02-20 16:24:51,541 - root - INFO - Successfully created the ref tag from (reference_temp function) (reference.py)-file
2025-02-20 16:24:51,553 - root - INFO - Successfully created the ref tag from (reference_temp function) (reference.py)-file
2025-02-20 16:24:51,573 - root - INFO - Successfully created the ref tag from (reference_temp function) (reference.py)-file
2025-02-20 16:24:51,593 - root - INFO - Successfully created the ref tag from (reference_temp function) (reference.py)-file
2025-02-20 16:24:51,609 - root - INFO - Successfully created the ref tag from (reference_temp function) (reference.py)-file
2025-02-20 16:24:51,636 - root - INFO - Successfully created the ref tag from (reference_temp function) (reference.py)-file
2025-02-20 16:24:51,660 - root - INFO - Successfully created the ref tag from (reference_temp function) (reference.py)-file
2025-02-20 16:24:51,685 - root - INFO - Successfully created the ref tag from (reference_temp function) (reference.py)-file
2025-02-20 16:24:51,696 - root - INFO - Successfully created the ref-list tag from (add_ref_tag function) (eq_link.py)-file
2025-02-20 16:24:52,341 - root - INFO - Successfully change the article-title tag style from (find_article function) (TSP_styles.py)-file
2025-02-20 16:24:52,354 - root - INFO - Successfully change the alt tag style from (find_alt_title function) (TSP_styles.py)-file
2025-02-20 16:24:52,354 - root - INFO - Successfully change the affliation tag style from (find_aff function) (TSP_styles.py)-file
2025-02-20 16:24:52,416 - root - INFO - Successfully change the keyword style from (find_key function) (TSP_styles.py)-file
2025-02-20 16:24:52,416 - root - INFO - Successfully change the history tag style from (find_history function) (TSP_styles.py)-file
2025-02-20 16:24:52,515 - root - INFO - Successfully change the heading style from (find_sec_title function) (TSP_styles.py)-file
2025-02-20 16:24:52,520 - root - INFO - Successfully change figure and table title style from (find_fig_title function) (TSP_styles.py)-file
2025-02-20 16:24:52,526 - root - INFO - Successfully change figure and table title style from (find_fig_title function) (TSP_styles.py)-file
2025-02-20 16:24:52,531 - root - INFO - Successfully change figure and table title style from (find_fig_title function) (TSP_styles.py)-file
2025-02-20 16:24:52,538 - root - INFO - Successfully change figure and table title style from (find_fig_title function) (TSP_styles.py)-file
2025-02-20 16:24:52,543 - root - INFO - Successfully change figure and table title style from (find_fig_title function) (TSP_styles.py)-file
2025-02-20 16:24:52,543 - root - INFO - Successfully change figure and table title style from (find_fig_title function) (TSP_styles.py)-file
2025-02-20 16:24:52,543 - root - INFO - Successfully change figure and table title style from (find_fig_title function) (TSP_styles.py)-file
2025-02-20 16:24:52,544 - root - INFO - Successfully change figure and table title style from (find_fig_title function) (TSP_styles.py)-file
2025-02-20 16:24:52,553 - root - INFO - Successfully change figure and table title style from (find_fig_title function) (TSP_styles.py)-file
2025-02-20 16:24:52,564 - root - INFO - Successfully change figure and table title style from (find_fig_title function) (TSP_styles.py)-file
2025-02-20 16:24:52,574 - root - INFO - Successfully change figure and table title style from (find_fig_title function) (TSP_styles.py)-file
2025-02-20 16:24:52,582 - root - INFO - Successfully change figure and table title style from (find_fig_title function) (TSP_styles.py)-file
2025-02-20 16:24:52,589 - root - INFO - Successfully change figure and table title style from (find_fig_title function) (TSP_styles.py)-file
2025-02-20 16:24:52,595 - root - INFO - Successfully change figure and table title style from (find_fig_title function) (TSP_styles.py)-file
2025-02-20 16:24:52,600 - root - INFO - Successfully change figure and table title style from (find_fig_title function) (TSP_styles.py)-file
2025-02-20 16:24:52,605 - root - INFO - Successfully change figure and table title style from (find_fig_title function) (TSP_styles.py)-file
2025-02-20 16:24:52,612 - root - INFO - Successfully change figure and table title style from (find_fig_title function) (TSP_styles.py)-file
2025-02-20 16:24:52,612 - root - INFO - Successfully add the xref style from (find_xref function) (TSP_styles.py)-file
2025-02-20 16:24:52,612 - root - INFO - Successfully change the back order from (back_order function) (TSP_styles.py)-file
2025-02-20 16:26:04,185 - root - INFO - API Successfully running(find_reference function) (TSP_styles.py)-file
2025-02-20 16:26:04,187 - root - INFO - Successfully add reference style(find_reference function) (TSP_styles.py)-file
2025-02-20 16:26:04,193 - root - INFO - Successfully add all replace_text styles from (replace_text function) (wordtoxml.py)-file
2025-02-20 16:26:04,193 - root - INFO - Successfully add all space_add_text styles from (space_add_text function) (wordtoxml.py)-file
2025-02-20 16:26:04,193 - root - INFO - Successfully add all space_remove_text styles from (space_remove_text function) (wordtoxml.py)-file
2025-02-20 16:26:04,193 - root - INFO - Successfully add all space_before_text styles from (space_before_text function) (wordtoxml.py)-file
2025-02-20 16:26:04,193 - root - INFO - Successfully add all space_after_text styles from (space_after_text function) (wordtoxml.py)-file
2025-02-20 16:26:04,194 - root - INFO - Successfully add all remove_space_before_text styles from (remove_space_before_text function) (wordtoxml.py)-file
2025-02-20 16:26:04,194 - root - INFO - Successfully add all add_and styles from (add_and function) (wordtoxml.py)-file
2025-02-20 16:26:04,194 - root - INFO - Successfully add all add_all styles from (add_all function) (wordtoxml.py)-file
2025-02-20 16:26:04,194 - root - INFO - Successfully add all si_units styles from (si_units function) (wordtoxml.py)-file
2025-02-20 16:26:04,194 - root - INFO - Successfully add all remove_ref styles from (remove_ref function) (wordtoxml.py)-file
2025-02-20 16:26:04,200 - root - INFO - File converted Successfully.
